<?xml version="1.0" encoding="UTF-8"?>
<testng-results ignored="0" total="4" passed="4" failed="0" skipped="0">
  <reporter-output>
  </reporter-output>
  <suite started-at="2025-03-26T11:36:53 IST" name="Suite" finished-at="2025-03-26T11:38:09 IST" duration-ms="76085">
    <groups>
      <group name="SmokeTest">
        <method signature="CreateCompaignTest.createCampaignWithoutDate()[pri:0, instance:CompaignTestCases.CreateCompaignTest@19932c16]" name="createCampaignWithoutDate" class="CompaignTestCases.CreateCompaignTest"/>
        <method signature="LoginTest.loginTest()[pri:0, instance:LoginTestcase.LoginTest@35841320]" name="loginTest" class="LoginTestcase.LoginTest"/>
      </group> <!-- SmokeTest -->
      <group name="RegressionTest">
        <method signature="CreateCompaignTest.createCampaignWithCloseDate()[pri:0, instance:CompaignTestCases.CreateCompaignTest@19932c16]" name="createCampaignWithCloseDate" class="CompaignTestCases.CreateCompaignTest"/>
        <method signature="createContactWithCampaign.createContactWithCam()[pri:0, instance:contactTestCases.createContactWithCampaign@7ae0a9ec]" name="createContactWithCam" class="contactTestCases.createContactWithCampaign"/>
      </group> <!-- RegressionTest -->
    </groups>
    <test started-at="2025-03-26T11:36:53 IST" name="Test" finished-at="2025-03-26T11:38:09 IST" duration-ms="76085">
      <class name="LoginTestcase.LoginTest">
        <test-method is-config="true" signature="beforeClass()[pri:0, instance:LoginTestcase.LoginTest@35841320]" started-at="2025-03-26T11:37:58 IST" name="beforeClass" finished-at="2025-03-26T11:38:01 IST" duration-ms="3010" status="PASS">
          <reporter-output>
          </reporter-output>
        </test-method> <!-- beforeClass -->
        <test-method is-config="true" signature="beforeMethod()[pri:0, instance:LoginTestcase.LoginTest@35841320]" started-at="2025-03-26T11:38:01 IST" name="beforeMethod" finished-at="2025-03-26T11:38:03 IST" duration-ms="2758" status="PASS">
          <reporter-output>
          </reporter-output>
        </test-method> <!-- beforeMethod -->
        <test-method signature="loginTest()[pri:0, instance:LoginTestcase.LoginTest@35841320]" started-at="2025-03-26T11:38:03 IST" name="loginTest" finished-at="2025-03-26T11:38:08 IST" duration-ms="4102" status="PASS">
          <reporter-output>
          </reporter-output>
        </test-method> <!-- loginTest -->
        <test-method is-config="true" signature="afterMethod()[pri:0, instance:LoginTestcase.LoginTest@35841320]" started-at="2025-03-26T11:38:08 IST" name="afterMethod" finished-at="2025-03-26T11:38:08 IST" duration-ms="117" status="PASS">
          <reporter-output>
          </reporter-output>
        </test-method> <!-- afterMethod -->
        <test-method is-config="true" signature="afterClass()[pri:0, instance:LoginTestcase.LoginTest@35841320]" started-at="2025-03-26T11:38:08 IST" name="afterClass" finished-at="2025-03-26T11:38:09 IST" duration-ms="1493" status="PASS">
          <reporter-output>
          </reporter-output>
        </test-method> <!-- afterClass -->
      </class> <!-- LoginTestcase.LoginTest -->
      <class name="CompaignTestCases.CreateCompaignTest">
        <test-method is-config="true" signature="beforeSuite()[pri:0, instance:CompaignTestCases.CreateCompaignTest@19932c16]" started-at="2025-03-26T11:36:53 IST" name="beforeSuite" finished-at="2025-03-26T11:36:53 IST" duration-ms="15" status="PASS">
          <reporter-output>
          </reporter-output>
        </test-method> <!-- beforeSuite -->
        <test-method is-config="true" signature="beforeTest()[pri:0, instance:CompaignTestCases.CreateCompaignTest@19932c16]" started-at="2025-03-26T11:36:53 IST" name="beforeTest" finished-at="2025-03-26T11:36:53 IST" duration-ms="1" status="PASS">
          <reporter-output>
          </reporter-output>
        </test-method> <!-- beforeTest -->
        <test-method is-config="true" signature="beforeClass()[pri:0, instance:CompaignTestCases.CreateCompaignTest@19932c16]" started-at="2025-03-26T11:36:53 IST" name="beforeClass" finished-at="2025-03-26T11:36:57 IST" duration-ms="4100" status="PASS">
          <reporter-output>
          </reporter-output>
        </test-method> <!-- beforeClass -->
        <test-method is-config="true" signature="beforeMethod()[pri:0, instance:CompaignTestCases.CreateCompaignTest@19932c16]" started-at="2025-03-26T11:36:57 IST" name="beforeMethod" finished-at="2025-03-26T11:36:59 IST" duration-ms="2084" status="PASS">
          <reporter-output>
          </reporter-output>
        </test-method> <!-- beforeMethod -->
        <test-method signature="createCampaignWithCloseDate()[pri:0, instance:CompaignTestCases.CreateCompaignTest@19932c16]" started-at="2025-03-26T11:36:59 IST" name="createCampaignWithCloseDate" finished-at="2025-03-26T11:37:12 IST" duration-ms="12964" status="PASS">
          <reporter-output>
          </reporter-output>
        </test-method> <!-- createCampaignWithCloseDate -->
        <test-method is-config="true" signature="afterMethod()[pri:0, instance:CompaignTestCases.CreateCompaignTest@19932c16]" started-at="2025-03-26T11:37:12 IST" name="afterMethod" finished-at="2025-03-26T11:37:13 IST" duration-ms="181" status="PASS">
          <reporter-output>
          </reporter-output>
        </test-method> <!-- afterMethod -->
        <test-method is-config="true" signature="beforeMethod()[pri:0, instance:CompaignTestCases.CreateCompaignTest@19932c16]" started-at="2025-03-26T11:37:13 IST" name="beforeMethod" finished-at="2025-03-26T11:37:15 IST" duration-ms="2318" status="PASS">
          <reporter-output>
          </reporter-output>
        </test-method> <!-- beforeMethod -->
        <test-method signature="createCampaignWithoutDate()[pri:0, instance:CompaignTestCases.CreateCompaignTest@19932c16]" started-at="2025-03-26T11:37:15 IST" name="createCampaignWithoutDate" finished-at="2025-03-26T11:37:28 IST" duration-ms="12842" status="PASS">
          <reporter-output>
          </reporter-output>
        </test-method> <!-- createCampaignWithoutDate -->
        <test-method is-config="true" signature="afterMethod()[pri:0, instance:CompaignTestCases.CreateCompaignTest@19932c16]" started-at="2025-03-26T11:37:28 IST" name="afterMethod" finished-at="2025-03-26T11:37:28 IST" duration-ms="106" status="PASS">
          <reporter-output>
          </reporter-output>
        </test-method> <!-- afterMethod -->
        <test-method is-config="true" signature="afterClass()[pri:0, instance:CompaignTestCases.CreateCompaignTest@19932c16]" started-at="2025-03-26T11:37:28 IST" name="afterClass" finished-at="2025-03-26T11:37:29 IST" duration-ms="1481" status="PASS">
          <reporter-output>
          </reporter-output>
        </test-method> <!-- afterClass -->
        <test-method is-config="true" signature="afterTest()[pri:0, instance:CompaignTestCases.CreateCompaignTest@19932c16]" started-at="2025-03-26T11:38:09 IST" name="afterTest" finished-at="2025-03-26T11:38:09 IST" duration-ms="1" status="PASS">
          <reporter-output>
          </reporter-output>
        </test-method> <!-- afterTest -->
        <test-method is-config="true" signature="afterSuite()[pri:0, instance:CompaignTestCases.CreateCompaignTest@19932c16]" started-at="2025-03-26T11:38:09 IST" name="afterSuite" finished-at="2025-03-26T11:38:09 IST" duration-ms="1" status="PASS">
          <reporter-output>
          </reporter-output>
        </test-method> <!-- afterSuite -->
      </class> <!-- CompaignTestCases.CreateCompaignTest -->
      <class name="contactTestCases.createContactWithCampaign">
        <test-method is-config="true" signature="beforeClass()[pri:0, instance:contactTestCases.createContactWithCampaign@7ae0a9ec]" started-at="2025-03-26T11:37:29 IST" name="beforeClass" finished-at="2025-03-26T11:37:32 IST" duration-ms="2872" status="PASS">
          <reporter-output>
          </reporter-output>
        </test-method> <!-- beforeClass -->
        <test-method is-config="true" signature="beforeMethod()[pri:0, instance:contactTestCases.createContactWithCampaign@7ae0a9ec]" started-at="2025-03-26T11:37:32 IST" name="beforeMethod" finished-at="2025-03-26T11:37:35 IST" duration-ms="2379" status="PASS">
          <reporter-output>
          </reporter-output>
        </test-method> <!-- beforeMethod -->
        <test-method signature="createContactWithCam()[pri:0, instance:contactTestCases.createContactWithCampaign@7ae0a9ec]" started-at="2025-03-26T11:37:35 IST" name="createContactWithCam" finished-at="2025-03-26T11:37:56 IST" duration-ms="21665" status="PASS">
          <reporter-output>
          </reporter-output>
        </test-method> <!-- createContactWithCam -->
        <test-method is-config="true" signature="afterMethod()[pri:0, instance:contactTestCases.createContactWithCampaign@7ae0a9ec]" started-at="2025-03-26T11:37:56 IST" name="afterMethod" finished-at="2025-03-26T11:37:56 IST" duration-ms="118" status="PASS">
          <reporter-output>
          </reporter-output>
        </test-method> <!-- afterMethod -->
        <test-method is-config="true" signature="afterClass()[pri:0, instance:contactTestCases.createContactWithCampaign@7ae0a9ec]" started-at="2025-03-26T11:37:56 IST" name="afterClass" finished-at="2025-03-26T11:37:58 IST" duration-ms="1406" status="PASS">
          <reporter-output>
          </reporter-output>
        </test-method> <!-- afterClass -->
      </class> <!-- contactTestCases.createContactWithCampaign -->
    </test> <!-- Test -->
  </suite> <!-- Suite -->
</testng-results>
